[0m21:05:52.950729 [debug] [MainThread]: Sending event: {'category': 'dbt', 'action': 'invocation', 'label': 'start', 'context': [<snowplow_tracker.self_describing_json.SelfDescribingJson object at 0x1084e5c40>, <snowplow_tracker.self_describing_json.SelfDescribingJson object at 0x1095676d0>, <snowplow_tracker.self_describing_json.SelfDescribingJson object at 0x109567a00>]}


============================== 21:05:52.955690 | fd191477-598f-48d7-95c7-acd5fb2f8517 ==============================
[0m21:05:52.955690 [info ] [MainThread]: Running with dbt=1.10.20
[0m21:05:52.956028 [debug] [MainThread]: running dbt with arguments {'send_anonymous_usage_stats': 'True', 'use_colors': 'True', 'target_path': 'None', 'no_print': 'None', 'empty': 'None', 'introspect': 'True', 'partial_parse': 'True', 'use_experimental_parser': 'False', 'log_cache_events': 'False', 'invocation_command': 'dbt init taste_dataset', 'profiles_dir': '/Users/mohammed.ngum/.dbt', 'fail_fast': 'False', 'log_format': 'default', 'cache_selected_only': 'False', 'warn_error_options': 'WarnErrorOptionsV2(error=[], warn=[], silence=[])', 'log_path': 'logs', 'indirect_selection': 'eager', 'quiet': 'False', 'debug': 'False', 'static_parser': 'True', 'version_check': 'True', 'write_json': 'True', 'warn_error': 'None', 'printer_width': '80'}
[0m21:05:53.040861 [debug] [MainThread]: Starter project path: /Users/mohammed.ngum/My Local Documents/IFF_Project/.venv/lib/python3.9/site-packages/dbt/include/starter_project
[0m21:05:53.064379 [info ] [MainThread]: 
Your new dbt project "taste_dataset" was created!

For more information on how to configure the profiles.yml file,
please consult the dbt documentation here:

  https://docs.getdbt.com/docs/configure-your-profile

One more thing:

Need help? Don't hesitate to reach out to us via GitHub issues or on Slack:

  https://community.getdbt.com/

Happy modeling!

[0m21:05:53.064708 [info ] [MainThread]: Setting up your profile.
[0m21:07:00.024270 [debug] [MainThread]: Resource report: {"command_name": "init", "command_success": true, "command_wall_clock_time": 67.15244, "process_in_blocks": "0", "process_kernel_time": 0.231031, "process_mem_max_rss": "117145600", "process_out_blocks": "0", "process_user_time": 0.748738}
[0m21:07:00.024806 [debug] [MainThread]: Command `dbt init` succeeded at 21:07:00.024729 after 67.15 seconds
[0m21:07:00.025090 [debug] [MainThread]: Sending event: {'category': 'dbt', 'action': 'invocation', 'label': 'end', 'context': [<snowplow_tracker.self_describing_json.SelfDescribingJson object at 0x1084e5c40>, <snowplow_tracker.self_describing_json.SelfDescribingJson object at 0x109600b50>, <snowplow_tracker.self_describing_json.SelfDescribingJson object at 0x10968fee0>]}
[0m21:07:00.025367 [debug] [MainThread]: Flushing usage events
[0m21:07:00.526028 [debug] [MainThread]: An error was encountered while trying to flush usage events
